e:\vfs\pg20 t3 advanced oop in c++\assignment\pg20daiyongkim_aoop_a5\obj\debug\vc142.pdb
e:\vfs\pg20 t3 advanced oop in c++\assignment\pg20daiyongkim_aoop_a5\obj\debug\vc142.idb
e:\vfs\pg20 t3 advanced oop in c++\assignment\pg20daiyongkim_aoop_a5\obj\debug\world.obj
e:\vfs\pg20 t3 advanced oop in c++\assignment\pg20daiyongkim_aoop_a5\obj\debug\transformcomponent.obj
e:\vfs\pg20 t3 advanced oop in c++\assignment\pg20daiyongkim_aoop_a5\obj\debug\ship.obj
e:\vfs\pg20 t3 advanced oop in c++\assignment\pg20daiyongkim_aoop_a5\obj\debug\rendercomponent.obj
e:\vfs\pg20 t3 advanced oop in c++\assignment\pg20daiyongkim_aoop_a5\obj\debug\main.obj
e:\vfs\pg20 t3 advanced oop in c++\assignment\pg20daiyongkim_aoop_a5\obj\debug\inputmanager.obj
e:\vfs\pg20 t3 advanced oop in c++\assignment\pg20daiyongkim_aoop_a5\obj\debug\gameui.obj
e:\vfs\pg20 t3 advanced oop in c++\assignment\pg20daiyongkim_aoop_a5\obj\debug\game.obj
e:\vfs\pg20 t3 advanced oop in c++\assignment\pg20daiyongkim_aoop_a5\obj\debug\eventsystem.obj
e:\vfs\pg20 t3 advanced oop in c++\assignment\pg20daiyongkim_aoop_a5\obj\debug\componentbase.obj
e:\vfs\pg20 t3 advanced oop in c++\assignment\pg20daiyongkim_aoop_a5\obj\debug\collidercomponent.obj
e:\vfs\pg20 t3 advanced oop in c++\assignment\pg20daiyongkim_aoop_a5\obj\debug\bullet.obj
e:\vfs\pg20 t3 advanced oop in c++\assignment\pg20daiyongkim_aoop_a5\obj\debug\asteroidmanager.obj
e:\vfs\pg20 t3 advanced oop in c++\assignment\pg20daiyongkim_aoop_a5\obj\debug\asteroid.obj
e:\vfs\pg20 t3 advanced oop in c++\assignment\pg20daiyongkim_aoop_a5\obj\debug\alienship.obj
e:\vfs\pg20 t3 advanced oop in c++\assignment\pg20daiyongkim_aoop_a5\obj\debug\alienbullet.obj
e:\vfs\pg20 t3 advanced oop in c++\assignment\pg20daiyongkim_aoop_a5\obj\debug\actorhandle.obj
e:\vfs\pg20 t3 advanced oop in c++\assignment\pg20daiyongkim_aoop_a5\obj\debug\actorfactory.obj
e:\vfs\pg20 t3 advanced oop in c++\assignment\pg20daiyongkim_aoop_a5\obj\debug\actor.obj
e:\vfs\pg20 t3 advanced oop in c++\assignment\pg20daiyongkim_aoop_a5\obj\debug\source.obj
e:\vfs\pg20 t3 advanced oop in c++\assignment\pg20daiyongkim_aoop_a5\bin\game.exe
e:\vfs\pg20 t3 advanced oop in c++\assignment\pg20daiyongkim_aoop_a5\obj\debug\game.ilk
e:\vfs\pg20 t3 advanced oop in c++\assignment\pg20daiyongkim_aoop_a5\bin\game.pdb
e:\vfs\pg20 t3 advanced oop in c++\assignment\pg20daiyongkim_aoop_a5\obj\debug\game.tlog\cl.command.1.tlog
e:\vfs\pg20 t3 advanced oop in c++\assignment\pg20daiyongkim_aoop_a5\obj\debug\game.tlog\cl.read.1.tlog
e:\vfs\pg20 t3 advanced oop in c++\assignment\pg20daiyongkim_aoop_a5\obj\debug\game.tlog\cl.write.1.tlog
e:\vfs\pg20 t3 advanced oop in c++\assignment\pg20daiyongkim_aoop_a5\obj\debug\game.tlog\link.command.1.tlog
e:\vfs\pg20 t3 advanced oop in c++\assignment\pg20daiyongkim_aoop_a5\obj\debug\game.tlog\link.read.1.tlog
e:\vfs\pg20 t3 advanced oop in c++\assignment\pg20daiyongkim_aoop_a5\obj\debug\game.tlog\link.write.1.tlog
